<?xml version="1.0" encoding="UTF-8"?>
<testng-results ignored="0" total="1" passed="1" failed="0" skipped="0">
  <reporter-output>
  </reporter-output>
  <suite started-at="2024-03-01T20:54:38 BDT" name="Default suite" finished-at="2024-03-01T20:54:57 BDT" duration-ms="18548">
    <groups>
    </groups>
    <test started-at="2024-03-01T20:54:38 BDT" name="Default test" finished-at="2024-03-01T20:54:57 BDT" duration-ms="18548">
      <class name="com.excelbd.tests.SignInTest">
        <test-method is-config="true" signature="startBrowser()[pri:0, instance:com.excelbd.tests.SignInTest@3de8f619]" started-at="2024-03-01T20:54:37 BDT" name="startBrowser" finished-at="2024-03-01T20:54:38 BDT" duration-ms="1711" status="PASS">
          <reporter-output>
          </reporter-output>
        </test-method> <!-- startBrowser -->
        <test-method is-config="true" signature="openUrl()[pri:0, instance:com.excelbd.tests.SignInTest@3de8f619]" started-at="2024-03-01T20:54:38 BDT" name="openUrl" finished-at="2024-03-01T20:54:47 BDT" duration-ms="8436" status="PASS">
          <reporter-output>
          </reporter-output>
        </test-method> <!-- openUrl -->
        <test-method signature="testSignInMethod()[pri:0, instance:com.excelbd.tests.SignInTest@3de8f619]" started-at="2024-03-01T20:54:47 BDT" name="testSignInMethod" finished-at="2024-03-01T20:54:56 BDT" duration-ms="9561" status="PASS">
          <reporter-output>
          </reporter-output>
        </test-method> <!-- testSignInMethod -->
        <test-method is-config="true" signature="report()[pri:0, instance:com.excelbd.tests.SignInTest@3de8f619]" started-at="2024-03-01T20:54:56 BDT" name="report" finished-at="2024-03-01T20:54:57 BDT" duration-ms="506" status="PASS">
          <reporter-output>
          </reporter-output>
        </test-method> <!-- report -->
        <test-method is-config="true" signature="closeBrowser()[pri:0, instance:com.excelbd.tests.SignInTest@3de8f619]" started-at="2024-03-01T20:54:57 BDT" name="closeBrowser" finished-at="2024-03-01T20:54:57 BDT" duration-ms="219" status="PASS">
          <reporter-output>
          </reporter-output>
        </test-method> <!-- closeBrowser -->
      </class> <!-- com.excelbd.tests.SignInTest -->
    </test> <!-- Default test -->
  </suite> <!-- Default suite -->
</testng-results>
